Thu Sep 06 15:11:08 BRT 2018 : Apache Derby Servidor de Rede - 10.10.2.0 - (1582446) iniciado e pronto para aceitar conexões na porta 1527 em {3}
----------------------------------------------------------------
Thu Sep 06 15:11:09 BRT 2018:
 Inicializando o Derby versão The Apache Software Foundation - Apache Derby - 10.10.2.0 - (1582446): instância a816c00e-0165-b014-a800-000046b4546d
no diretório de banco de dados C:\Users\willr\Desktop\FACULDADE\2018\2 Semestre\ISS - Implementação de Sistemas de Software\Atelie Doce Beleza\AtelieDoceBeleza\Banco\BancoAtelie 

java.vendor=Oracle Corporation
java.runtime.version=1.8.0_171-b11
user.dir=C:\Program Files\glassfish-4.1.1\javadb
os.name=Windows 10
os.arch=amd64
os.version=10.0
derby.system.home=C:\Users\willr\Desktop\FACULDADE\2018\2 Semestre\ISS - Implementação de Sistemas de Software\Atelie Doce Beleza\AtelieDoceBeleza\Banco
Carregador de classe do banco de dados iniciado - derby.database.classpath=''
----------------------------------------------------------------
Thu Sep 06 15:11:16 BRT 2018:
Encerrando a instância a816c00e-0165-b014-a800-000046b4546d
Thu Sep 06 15:11:16 BRT 2018 Thread[DRDAConnThread_3,5,main] (DATABASE = BancoAtelie), (DRDAID = {2}), Banco de dados 'BancoAtelie' fechado.
----------------------------------------------------------------
Thu Sep 06 15:37:23 BRT 2018:
 Inicializando o Derby versão The Apache Software Foundation - Apache Derby - 10.10.2.0 - (1582446): instância 560740aa-0165-b014-a800-000046b4546d
no diretório de banco de dados C:\Users\willr\Desktop\FACULDADE\2018\2 Semestre\ISS - Implementação de Sistemas de Software\Atelie Doce Beleza\AtelieDoceBeleza\Banco\BancoAtelie 

java.vendor=Oracle Corporation
java.runtime.version=1.8.0_171-b11
user.dir=C:\Program Files\glassfish-4.1.1\javadb
os.name=Windows 10
os.arch=amd64
os.version=10.0
derby.system.home=C:\Users\willr\Desktop\FACULDADE\2018\2 Semestre\ISS - Implementação de Sistemas de Software\Atelie Doce Beleza\AtelieDoceBeleza\Banco
Carregador de classe do banco de dados iniciado - derby.database.classpath=''
